Flutter crash report.
Please report a bug at https://github.com/flutter/flutter/issues.

## command

flutter run -d chrome

## exception

FileSystemException: FileSystemException: Exists failed, path = 'C:\Users\morgana\Documents\GitHub\trabalhodsdm\flutter_application_1\assets\images\' (OS Error: O nome do diretório é inválido, errno = 267)

```
#0      _Directory.existsSync (dart:io/directory_impl.dart:97:7)
#1      ForwardingFileSystemEntity.existsSync (package:file/src/forwarding/forwarding_file_system_entity.dart:43:33)
#2      ErrorHandlingDirectory.existsSync.<anonymous closure> (package:flutter_tools/src/base/error_handling_io.dart:461:22)
#3      _runSync (package:flutter_tools/src/base/error_handling_io.dart:552:14)
#4      ErrorHandlingDirectory.existsSync (package:flutter_tools/src/base/error_handling_io.dart:460:12)
#5      ManifestAssetBundle._parseAssetsFromFolder (package:flutter_tools/src/asset.dart:1174:47)
#6      ManifestAssetBundle._parseAssets (package:flutter_tools/src/asset.dart:1037:9)
#7      ManifestAssetBundle.build (package:flutter_tools/src/asset.dart:384:54)
<asynchronous suspension>
#8      ResidentWebRunner._updateDevFS (package:flutter_tools/src/isolated/resident_web_runner.dart:780:26)
<asynchronous suspension>
#9      ResidentWebRunner.run.<anonymous closure> (package:flutter_tools/src/isolated/resident_web_runner.dart:330:41)
<asynchronous suspension>
#10     asyncGuard.<anonymous closure> (package:flutter_tools/src/base/async_guard.dart:108:24)
<asynchronous suspension>
```

## flutter doctor

```
[32m[✓][39m Flutter (Channel stable, 3.44.1, on Microsoft Windows [versÆo 10.0.26200.8457], locale pt-BR) [295ms]
    [32m•[39m Flutter version 3.44.1 on channel stable at C:\Info\flutter
    [32m•[39m Upstream repository https://github.com/flutter/flutter.git
    [32m•[39m Framework revision 924134a44c (11 days ago), 2026-05-29 12:13:22 -0400
    [32m•[39m Engine revision c416acfeb8
    [32m•[39m Dart version 3.12.1
    [32m•[39m DevTools version 2.57.0
    [32m•[39m Feature flags: enable-web, enable-linux-desktop, enable-macos-desktop, enable-windows-desktop, enable-android,
      enable-ios, cli-animations, enable-native-assets, enable-swift-package-manager, omit-legacy-version-file,
      enable-lldb-debugging, enable-uiscene-migration

[32m[✓][39m Windows Version (11 Home Single Language 64-bit, 25H2, 2009) [2,2s]

[31m[✗][39m Android toolchain - develop for Android devices [22ms]
    [31m✗[39m Unable to locate Android SDK.
      Install Android Studio from: https://developer.android.com/studio/index.html
      On first launch it will assist you in installing the Android SDK components.
      (or visit https://flutter.dev/to/windows-android-setup for detailed instructions).
      If the Android SDK has been installed to a custom location, please use
      `flutter config --android-sdk` to update to that location.


[32m[✓][39m Chrome - develop for the web [10ms]
    [32m•[39m Chrome at C:\Users\morgana\AppData\Local\Google\Chrome\Application\chrome.exe

[31m[✗][39m Visual Studio - develop Windows apps [9ms]
    [31m✗[39m Visual Studio not installed; this is necessary to develop Windows apps.
      Download at https://visualstudio.microsoft.com/downloads/.
      Please install the "Desktop development with C++" workload, including all of its default components

[32m[✓][39m Connected device (3 available) [21ms]
    [32m•[39m Windows (desktop) • windows • windows-x64    • Microsoft Windows [versÆo 10.0.26200.8457]
    [32m•[39m Chrome (web)      • chrome  • web-javascript • Google Chrome 149.0.7827.54
    [32m•[39m Edge (web)        • edge    • web-javascript • Microsoft Edge 148.0.3967.96

[32m[✓][39m Network resources [334ms]
    [32m•[39m All expected network resources are available.

[33m![39m Doctor found issues in 2 categories.
```
